Build started 3/27/2022 1:08:55 AM.
Logging verbosity is set to: Normal.     1>Project "C:\Users\Andrew Dahl\Desktop\part orientation\updated\partorientation\partorientation\partorientation.vcxproj" on node 2 (Build target(s)).
     1>InitializeBuildStatus:
         Creating "x64\Release\partorientation.tlog\unsuccessfulbuild" because "AlwaysCreate" was specified.
       ClCompile:
         C:\Program Files (x86)\Microsoft Visual Studio\2019\Community\VC\Tools\MSVC\14.29.30133\bin\HostX86\x64\CL.exe /c /I"C:\Users\Andrew Dahl\Desktop\cpp_libraries\vtk\include\vtk-8.2" /IC:\opencv\build\include /I"C:\Users\Andrew Dahl\Desktop\cpp_libraries\eigen-3.3.9" /I..\dev\miniball\cpp\main /Z7 /nologo /W3 /WX- /diagnostics:column /sdl /Od /Oi /GL /D NDEBUG /D _CONSOLE /D _UNICODE /D UNICODE /Gm- /EHsc /MD /GS /Gy- /fp:precise /permissive- /Zc:wchar_t /Zc:forScope /Zc:inline /Fo"x64\Release\\" /Fd"x64\Release\vc142.pdb" /external:W3 /Gd /TP /FC /errorReport:prompt main.cpp
         main.cpp
       Link:
         C:\Program Files (x86)\Microsoft Visual Studio\2019\Community\VC\Tools\MSVC\14.29.30133\bin\HostX86\x64\link.exe /ERRORREPORT:PROMPT /OUT:"C:\Users\Andrew Dahl\Desktop\part orientation\updated\partorientation\x64\Release\partorientation.exe" /INCREMENTAL:NO /NOLOGO kernel32.lib user32.lib gdi32.lib winspool.lib comdlg32.lib advapi32.lib shell32.lib ole32.lib oleaut32.lib uuid.lib odbc32.lib odbccp32.lib /MANIFEST /MANIFESTUAC:"level='asInvoker' uiAccess='false'" /manifest:embed /DEBUG /PDB:"C:\Users\Andrew Dahl\Desktop\part orientation\updated\partorientation\x64\Release\partorientation.pdb" /SUBSYSTEM:CONSOLE /OPT:REF /OPT:ICF /LTCG:incremental /LTCGOUT:"x64\Release\partorientation.iobj" /TLBID:1 /DYNAMICBASE /NXCOMPAT /IMPLIB:"C:\Users\Andrew Dahl\Desktop\part orientation\updated\partorientation\x64\Release\partorientation.lib" /MACHINE:X64 "C:\Users\Andrew Dahl\Desktop\cpp_libraries\vtk\lib\*.lib" "C:\opencv\build\x64\vc15\lib\*.lib" x64\Release\MachiningOrientation.obj
         x64\Release\main.obj
         Generating code
         Not all modules are compiled with -Gy (function comdat), build without incremental LTCG.
         Finished generating code
         partorientation.vcxproj -> C:\Users\Andrew Dahl\Desktop\part orientation\updated\partorientation\x64\Release\partorientation.exe
       FinalizeBuildStatus:
         Deleting file "x64\Release\partorientation.tlog\unsuccessfulbuild".
         Touching "x64\Release\partorientation.tlog\partorientation.lastbuildstate".
     1>Done Building Project "C:\Users\Andrew Dahl\Desktop\part orientation\updated\partorientation\partorientation\partorientation.vcxproj" (Build target(s)).

Build succeeded.
    0 Warning(s)
    0 Error(s)

Time Elapsed 00:00:03.17
